*** Starting uWSGI 2.0.30 (64bit) on [Mon Jun 16 15:48:37 2025] ***
compiled with version: 9.4.0 on 16 June 2025 07:17:25
os: Linux-5.15.0-139-generic #149~20.04.1-Ubuntu SMP Wed Apr 16 08:29:56 UTC 2025
nodename: wzq-virtual-machine
machine: x86_64
clock source: unix
detected number of CPU cores: 2
current working directory: /home/wzq/xm
writing pidfile to uwsgi.pid
detected binary path: /usr/local/bin/uwsgi
!!! no internal routing support, rebuild with pcre support !!!
chdir() to /home/wzq/xm
your processes number limit is 15115
your memory page size is 4096 bytes
detected max file descriptor number: 1048576
lock engine: pthread robust mutexes
thunder lock: disabled (you can enable it with --thunder-lock)
uWSGI http bound on 0.0.0.0:8080 fd 4
uwsgi socket 0 bound to TCP address 127.0.0.1:40555 (port auto-assigned) fd 3
Python version: 3.8.10 (default, Mar 18 2025, 20:04:55)  [GCC 9.4.0]
Python main interpreter initialized at 0x55dcf4399ff0
python threads support enabled
your server socket listen backlog is limited to 100 connections
your mercy for graceful operations on workers is 60 seconds
mapped 437824 bytes (427 KB) for 4 cores
*** Operational MODE: threaded ***
*** uWSGI is running in multiple interpreter mode ***
spawned uWSGI master process (pid: 44043)
spawned uWSGI worker 1 (pid: 44045, cores: 4)
spawned uWSGI http 1 (pid: 44046)
WSGI app 0 (mountpoint='') ready in 0 seconds on interpreter 0x55dcf4399ff0 pid: 44045 (default app)
[pid: 44045|app: 0|req: 1/1] 127.0.0.1 () {52 vars in 1021 bytes} [Mon Jun 16 16:43:26 2025] GET / => generated 34687 bytes in 32 msecs (HTTP/1.1 500) 2 headers in 152 bytes (2 switches on core 0)
[pid: 44045|app: 0|req: 2/2] 127.0.0.1 () {50 vars in 994 bytes} [Mon Jun 16 16:43:27 2025] GET /favicon.ico => generated 9 bytes in 7 msecs (HTTP/1.1 404) 2 headers in 155 bytes (2 switches on core 1)
